<?xml version="1.0" encoding="UTF-8"?>
<testng-results ignored="0" total="1" passed="1" failed="0" skipped="0">
  <reporter-output>
  </reporter-output>
  <suite started-at="2023-05-03T10:16:12 IST" name="Default suite" finished-at="2023-05-03T10:16:19 IST" duration-ms="6691">
    <groups>
    </groups>
    <test started-at="2023-05-03T10:16:12 IST" name="Default test" finished-at="2023-05-03T10:16:19 IST" duration-ms="6691">
      <class name="com.call.GoogleApp">
        <test-method signature="type()[pri:0, instance:com.call.GoogleApp@3943a2be]" started-at="2023-05-03T10:16:12 IST" name="type" finished-at="2023-05-03T10:16:19 IST" duration-ms="6652" status="PASS">
          <reporter-output>
          </reporter-output>
        </test-method> <!-- type -->
      </class> <!-- com.call.GoogleApp -->
    </test> <!-- Default test -->
  </suite> <!-- Default suite -->
</testng-results>
