<?xml version="1.0" encoding="UTF-8"?>
<testng-results ignored="0" total="3" passed="3" failed="0" skipped="0">
  <reporter-output>
  </reporter-output>
  <suite started-at="2022-12-22T11:56:26 IST" name="Default suite" finished-at="2022-12-22T11:56:37 IST" duration-ms="11330">
    <groups>
    </groups>
    <test started-at="2022-12-22T11:56:26 IST" name="Default test" finished-at="2022-12-22T11:56:37 IST" duration-ms="11330">
      <class name="testScripts.SampleTest">
        <test-method is-config="true" signature="setup()[pri:0, instance:testScripts.SampleTest@932bc4a]" started-at="2022-12-22T11:56:26 IST" name="setup" finished-at="2022-12-22T11:56:31 IST" duration-ms="5046" status="PASS">
          <reporter-output>
          </reporter-output>
        </test-method> <!-- setup -->
        <test-method signature="testCase1()[pri:0, instance:testScripts.SampleTest@932bc4a]" started-at="2022-12-22T11:56:31 IST" name="testCase1" finished-at="2022-12-22T11:56:31 IST" duration-ms="9" status="PASS">
          <reporter-output>
          </reporter-output>
        </test-method> <!-- testCase1 -->
        <test-method is-config="true" signature="tearDown()[pri:0, instance:testScripts.SampleTest@932bc4a]" started-at="2022-12-22T11:56:31 IST" name="tearDown" finished-at="2022-12-22T11:56:31 IST" duration-ms="332" status="PASS">
          <reporter-output>
          </reporter-output>
        </test-method> <!-- tearDown -->
        <test-method is-config="true" signature="setup()[pri:0, instance:testScripts.SampleTest@932bc4a]" started-at="2022-12-22T11:56:31 IST" name="setup" finished-at="2022-12-22T11:56:34 IST" duration-ms="2793" status="PASS">
          <reporter-output>
          </reporter-output>
        </test-method> <!-- setup -->
        <test-method signature="testCase2()[pri:0, instance:testScripts.SampleTest@932bc4a]" started-at="2022-12-22T11:56:34 IST" name="testCase2" finished-at="2022-12-22T11:56:34 IST" duration-ms="1" status="PASS">
          <reporter-output>
          </reporter-output>
        </test-method> <!-- testCase2 -->
        <test-method is-config="true" signature="tearDown()[pri:0, instance:testScripts.SampleTest@932bc4a]" started-at="2022-12-22T11:56:34 IST" name="tearDown" finished-at="2022-12-22T11:56:34 IST" duration-ms="202" status="PASS">
          <reporter-output>
          </reporter-output>
        </test-method> <!-- tearDown -->
        <test-method is-config="true" signature="setup()[pri:0, instance:testScripts.SampleTest@932bc4a]" started-at="2022-12-22T11:56:34 IST" name="setup" finished-at="2022-12-22T11:56:37 IST" duration-ms="2713" status="PASS">
          <reporter-output>
          </reporter-output>
        </test-method> <!-- setup -->
        <test-method signature="testCase3()[pri:0, instance:testScripts.SampleTest@932bc4a]" started-at="2022-12-22T11:56:37 IST" name="testCase3" finished-at="2022-12-22T11:56:37 IST" duration-ms="1" status="PASS">
          <reporter-output>
          </reporter-output>
        </test-method> <!-- testCase3 -->
        <test-method is-config="true" signature="tearDown()[pri:0, instance:testScripts.SampleTest@932bc4a]" started-at="2022-12-22T11:56:37 IST" name="tearDown" finished-at="2022-12-22T11:56:37 IST" duration-ms="183" status="PASS">
          <reporter-output>
          </reporter-output>
        </test-method> <!-- tearDown -->
      </class> <!-- testScripts.SampleTest -->
    </test> <!-- Default test -->
  </suite> <!-- Default suite -->
</testng-results>
