<?xml version="1.0" encoding="UTF-8"?>
<testng-results ignored="0" total="2" passed="2" failed="0" skipped="0">
  <reporter-output>
  </reporter-output>
  <suite started-at="2022-12-21T17:18:47 IST" name="Suite" finished-at="2022-12-21T17:19:08 IST" duration-ms="20708">
    <groups>
    </groups>
    <test started-at="2022-12-21T17:18:47 IST" name="Test" finished-at="2022-12-21T17:19:08 IST" duration-ms="20708">
      <class name="com.Script1.TestClass">
        <test-method is-config="true" signature="setup()[pri:0, instance:com.Script1.TestClass@161b062a]" started-at="2022-12-21T17:18:47 IST" name="setup" finished-at="2022-12-21T17:18:52 IST" duration-ms="4400" status="PASS">
          <reporter-output>
          </reporter-output>
        </test-method> <!-- setup -->
        <test-method signature="testcase1()[pri:0, instance:com.Script1.TestClass@161b062a]" started-at="2022-12-21T17:18:52 IST" name="testcase1" finished-at="2022-12-21T17:18:52 IST" duration-ms="2" status="PASS">
          <reporter-output>
          </reporter-output>
        </test-method> <!-- testcase1 -->
        <test-method signature="testcase2()[pri:0, instance:com.Script1.TestClass@161b062a]" started-at="2022-12-21T17:18:52 IST" name="testcase2" finished-at="2022-12-21T17:18:52 IST" duration-ms="1" status="PASS">
          <reporter-output>
          </reporter-output>
        </test-method> <!-- testcase2 -->
        <test-method is-config="true" signature="tearDown()[pri:0, instance:com.Script1.TestClass@161b062a]" started-at="2022-12-21T17:18:52 IST" name="tearDown" finished-at="2022-12-21T17:19:08 IST" duration-ms="16255" status="PASS">
          <reporter-output>
          </reporter-output>
        </test-method> <!-- tearDown -->
      </class> <!-- com.Script1.TestClass -->
    </test> <!-- Test -->
  </suite> <!-- Suite -->
</testng-results>
