<?xml version="1.0" encoding="UTF-8"?>
<testng-results ignored="0" total="2" passed="2" failed="0" skipped="0">
  <reporter-output>
  </reporter-output>
  <suite started-at="2022-10-27T15:10:36 IST" name="Default suite" finished-at="2022-10-27T15:11:00 IST" duration-ms="23561">
    <groups>
    </groups>
    <test started-at="2022-10-27T15:10:36 IST" name="Default test" finished-at="2022-10-27T15:11:00 IST" duration-ms="23561">
      <class name="com.Mystore.testscripts.IndexPageTest">
        <test-method is-config="true" signature="loadConfig()[pri:0, instance:com.Mystore.testscripts.IndexPageTest@429bffaa]" started-at="2022-10-27T15:10:36 IST" name="loadConfig" finished-at="2022-10-27T15:10:36 IST" duration-ms="10" status="PASS">
          <reporter-output>
          </reporter-output>
        </test-method> <!-- loadConfig -->
        <test-method is-config="true" signature="setup()[pri:0, instance:com.Mystore.testscripts.IndexPageTest@429bffaa]" started-at="2022-10-27T15:10:36 IST" name="setup" finished-at="2022-10-27T15:10:52 IST" duration-ms="15334" status="PASS">
          <reporter-output>
          </reporter-output>
        </test-method> <!-- setup -->
        <test-method signature="verifyLogo()[pri:0, instance:com.Mystore.testscripts.IndexPageTest@429bffaa]" started-at="2022-10-27T15:10:52 IST" name="verifyLogo" finished-at="2022-10-27T15:10:52 IST" duration-ms="172" status="PASS">
          <reporter-output>
          </reporter-output>
        </test-method> <!-- verifyLogo -->
        <test-method is-config="true" signature="setup()[pri:0, instance:com.Mystore.testscripts.IndexPageTest@429bffaa]" started-at="2022-10-27T15:10:52 IST" name="setup" finished-at="2022-10-27T15:11:00 IST" duration-ms="7984" status="PASS">
          <reporter-output>
          </reporter-output>
        </test-method> <!-- setup -->
        <test-method signature="verifyTitle()[pri:0, instance:com.Mystore.testscripts.IndexPageTest@429bffaa]" started-at="2022-10-27T15:11:00 IST" name="verifyTitle" finished-at="2022-10-27T15:11:00 IST" duration-ms="11" status="PASS">
          <reporter-output>
          </reporter-output>
        </test-method> <!-- verifyTitle -->
      </class> <!-- com.Mystore.testscripts.IndexPageTest -->
    </test> <!-- Default test -->
  </suite> <!-- Default suite -->
</testng-results>
