<?xml version="1.0" encoding="UTF-8"?>
<testng-results ignored="0" total="1" passed="1" failed="0" skipped="0">
  <reporter-output>
  </reporter-output>
  <suite started-at="2022-12-21T11:49:40 IST" name="Suite" finished-at="2022-12-21T11:49:50 IST" duration-ms="9687">
    <groups>
    </groups>
    <test started-at="2022-12-21T11:49:40 IST" name="Test" finished-at="2022-12-21T11:49:50 IST" duration-ms="9687">
      <class name="com.Script1.TestClass">
        <test-method is-config="true" signature="setup()[pri:0, instance:com.Script1.TestClass@44a7bfbc]" started-at="2022-12-21T11:49:41 IST" name="setup" finished-at="2022-12-21T11:49:49 IST" duration-ms="8823" status="PASS">
          <reporter-output>
          </reporter-output>
        </test-method> <!-- setup -->
        <test-method signature="testcase1()[pri:0, instance:com.Script1.TestClass@44a7bfbc]" started-at="2022-12-21T11:49:49 IST" name="testcase1" finished-at="2022-12-21T11:49:49 IST" duration-ms="23" status="PASS">
          <reporter-output>
          </reporter-output>
        </test-method> <!-- testcase1 -->
        <test-method is-config="true" signature="tearDown()[pri:0, instance:com.Script1.TestClass@44a7bfbc]" started-at="2022-12-21T11:49:49 IST" name="tearDown" finished-at="2022-12-21T11:49:50 IST" duration-ms="718" status="PASS">
          <reporter-output>
          </reporter-output>
        </test-method> <!-- tearDown -->
      </class> <!-- com.Script1.TestClass -->
    </test> <!-- Test -->
  </suite> <!-- Suite -->
</testng-results>
