<?xml version="1.0" encoding="UTF-8"?>
<!-- Generated by org.testng.reporters.JUnitXMLReporter -->
<testsuite ignored="0" hostname="LMCTag028" failures="0" tests="3" name="Default test" time="11.33" errors="0" timestamp="2022-12-22T11:56:37 IST">
  <testcase classname="testScripts.SampleTest" name="testCase1" time="0.009"/>
  <testcase classname="testScripts.SampleTest" name="testCase2" time="0.001"/>
  <testcase classname="testScripts.SampleTest" name="testCase3" time="0.001"/>
</testsuite> <!-- Default test -->
